mode: set
github.com/conrad3rd/bookings/internal/render/render.go:22.40,24.2 1 0
github.com/conrad3rd/bookings/internal/render/render.go:27.84,33.2 5 1
github.com/conrad3rd/bookings/internal/render/render.go:36.99,39.18 2 0
github.com/conrad3rd/bookings/internal/render/render.go:46.2,47.9 2 0
github.com/conrad3rd/bookings/internal/render/render.go:51.2,58.16 5 0
github.com/conrad3rd/bookings/internal/render/render.go:39.18,42.3 1 0
github.com/conrad3rd/bookings/internal/render/render.go:42.8,44.3 1 0
github.com/conrad3rd/bookings/internal/render/render.go:47.9,49.3 1 0
github.com/conrad3rd/bookings/internal/render/render.go:58.16,60.3 1 0
github.com/conrad3rd/bookings/internal/render/render.go:64.67,70.16 3 0
github.com/conrad3rd/bookings/internal/render/render.go:75.2,75.29 1 0
github.com/conrad3rd/bookings/internal/render/render.go:97.2,97.21 1 0
github.com/conrad3rd/bookings/internal/render/render.go:70.16,72.3 1 0
github.com/conrad3rd/bookings/internal/render/render.go:75.29,78.17 3 0
github.com/conrad3rd/bookings/internal/render/render.go:82.3,83.17 2 0
github.com/conrad3rd/bookings/internal/render/render.go:87.3,87.23 1 0
github.com/conrad3rd/bookings/internal/render/render.go:94.3,94.21 1 0
github.com/conrad3rd/bookings/internal/render/render.go:78.17,80.4 1 0
github.com/conrad3rd/bookings/internal/render/render.go:83.17,85.4 1 0
github.com/conrad3rd/bookings/internal/render/render.go:87.23,89.18 2 0
github.com/conrad3rd/bookings/internal/render/render.go:89.18,91.5 1 0
