mode: set
github.com/conrad3rd/bookings/internal/render/render.go:23.40,25.2 1 1
github.com/conrad3rd/bookings/internal/render/render.go:28.84,34.2 5 1
github.com/conrad3rd/bookings/internal/render/render.go:37.105,40.18 2 1
github.com/conrad3rd/bookings/internal/render/render.go:40.18,43.3 1 0
github.com/conrad3rd/bookings/internal/render/render.go:43.8,45.3 1 1
github.com/conrad3rd/bookings/internal/render/render.go:47.2,48.9 2 1
github.com/conrad3rd/bookings/internal/render/render.go:48.9,51.3 1 1
github.com/conrad3rd/bookings/internal/render/render.go:53.2,58.16 4 1
github.com/conrad3rd/bookings/internal/render/render.go:58.16,60.3 1 0
github.com/conrad3rd/bookings/internal/render/render.go:62.2,63.16 2 1
github.com/conrad3rd/bookings/internal/render/render.go:63.16,66.3 2 0
github.com/conrad3rd/bookings/internal/render/render.go:67.2,67.12 1 1
github.com/conrad3rd/bookings/internal/render/render.go:71.67,77.16 3 1
github.com/conrad3rd/bookings/internal/render/render.go:77.16,79.3 1 0
github.com/conrad3rd/bookings/internal/render/render.go:82.2,82.29 1 1
github.com/conrad3rd/bookings/internal/render/render.go:82.29,85.17 3 1
github.com/conrad3rd/bookings/internal/render/render.go:85.17,87.4 1 0
github.com/conrad3rd/bookings/internal/render/render.go:89.3,90.17 2 1
github.com/conrad3rd/bookings/internal/render/render.go:90.17,92.4 1 0
github.com/conrad3rd/bookings/internal/render/render.go:94.3,94.23 1 1
github.com/conrad3rd/bookings/internal/render/render.go:94.23,96.18 2 1
github.com/conrad3rd/bookings/internal/render/render.go:96.18,98.5 1 0
github.com/conrad3rd/bookings/internal/render/render.go:101.3,101.21 1 1
github.com/conrad3rd/bookings/internal/render/render.go:104.2,104.21 1 1
