mode: set
github.com/conrad3rd/bookings/internal/forms/errors.go:6.44,8.2 1 0
github.com/conrad3rd/bookings/internal/forms/errors.go:11.42,13.18 2 0
github.com/conrad3rd/bookings/internal/forms/errors.go:13.18,15.3 1 0
github.com/conrad3rd/bookings/internal/forms/errors.go:16.2,16.14 1 0
github.com/conrad3rd/bookings/internal/forms/forms.go:19.29,21.2 1 1
github.com/conrad3rd/bookings/internal/forms/forms.go:24.33,29.2 1 1
github.com/conrad3rd/bookings/internal/forms/forms.go:31.43,32.31 1 0
github.com/conrad3rd/bookings/internal/forms/forms.go:32.31,34.37 2 0
github.com/conrad3rd/bookings/internal/forms/forms.go:34.37,36.4 1 0
github.com/conrad3rd/bookings/internal/forms/forms.go:41.56,48.2 2 0
github.com/conrad3rd/bookings/internal/forms/forms.go:51.74,53.21 2 0
github.com/conrad3rd/bookings/internal/forms/forms.go:53.21,56.3 2 0
github.com/conrad3rd/bookings/internal/forms/forms.go:57.2,57.13 1 0
github.com/conrad3rd/bookings/internal/forms/forms.go:61.38,62.40 1 0
github.com/conrad3rd/bookings/internal/forms/forms.go:62.40,64.3 1 0
