mode: set
github.com/conrad3rd/bookings/internal/handlers/handlers.go:32.62,37.2 1 0
github.com/conrad3rd/bookings/internal/handlers/handlers.go:40.51,45.2 1 1
github.com/conrad3rd/bookings/internal/handlers/handlers.go:48.33,50.2 1 1
github.com/conrad3rd/bookings/internal/handlers/handlers.go:53.67,55.2 1 1
github.com/conrad3rd/bookings/internal/handlers/handlers.go:58.68,61.2 1 1
github.com/conrad3rd/bookings/internal/handlers/handlers.go:64.74,66.9 2 1
github.com/conrad3rd/bookings/internal/handlers/handlers.go:66.9,70.3 3 1
github.com/conrad3rd/bookings/internal/handlers/handlers.go:72.2,73.16 2 1
github.com/conrad3rd/bookings/internal/handlers/handlers.go:73.16,77.3 3 1
github.com/conrad3rd/bookings/internal/handlers/handlers.go:79.2,97.4 10 1
github.com/conrad3rd/bookings/internal/handlers/handlers.go:101.78,103.9 2 0
github.com/conrad3rd/bookings/internal/handlers/handlers.go:103.9,106.3 2 0
github.com/conrad3rd/bookings/internal/handlers/handlers.go:108.2,109.16 2 0
github.com/conrad3rd/bookings/internal/handlers/handlers.go:109.16,113.3 2 0
github.com/conrad3rd/bookings/internal/handlers/handlers.go:115.2,126.19 9 0
github.com/conrad3rd/bookings/internal/handlers/handlers.go:126.19,136.3 4 0
github.com/conrad3rd/bookings/internal/handlers/handlers.go:138.2,139.16 2 0
github.com/conrad3rd/bookings/internal/handlers/handlers.go:139.16,142.3 2 0
github.com/conrad3rd/bookings/internal/handlers/handlers.go:144.2,153.16 3 0
github.com/conrad3rd/bookings/internal/handlers/handlers.go:153.16,156.3 2 0
github.com/conrad3rd/bookings/internal/handlers/handlers.go:158.2,160.66 2 0
github.com/conrad3rd/bookings/internal/handlers/handlers.go:164.71,166.2 1 1
github.com/conrad3rd/bookings/internal/handlers/handlers.go:169.69,171.2 1 1
github.com/conrad3rd/bookings/internal/handlers/handlers.go:174.75,176.2 1 1
github.com/conrad3rd/bookings/internal/handlers/handlers.go:179.79,185.16 5 0
github.com/conrad3rd/bookings/internal/handlers/handlers.go:185.16,188.3 2 0
github.com/conrad3rd/bookings/internal/handlers/handlers.go:189.2,190.16 2 0
github.com/conrad3rd/bookings/internal/handlers/handlers.go:190.16,193.3 2 0
github.com/conrad3rd/bookings/internal/handlers/handlers.go:195.2,196.16 2 0
github.com/conrad3rd/bookings/internal/handlers/handlers.go:196.16,199.3 2 0
github.com/conrad3rd/bookings/internal/handlers/handlers.go:201.2,201.21 1 0
github.com/conrad3rd/bookings/internal/handlers/handlers.go:201.21,206.3 3 0
github.com/conrad3rd/bookings/internal/handlers/handlers.go:208.2,219.4 5 0
github.com/conrad3rd/bookings/internal/handlers/handlers.go:231.79,237.16 5 0
github.com/conrad3rd/bookings/internal/handlers/handlers.go:237.16,239.3 1 0
github.com/conrad3rd/bookings/internal/handlers/handlers.go:240.2,241.16 2 0
github.com/conrad3rd/bookings/internal/handlers/handlers.go:241.16,243.3 1 0
github.com/conrad3rd/bookings/internal/handlers/handlers.go:245.2,247.16 2 0
github.com/conrad3rd/bookings/internal/handlers/handlers.go:247.16,249.3 1 0
github.com/conrad3rd/bookings/internal/handlers/handlers.go:251.2,252.16 2 0
github.com/conrad3rd/bookings/internal/handlers/handlers.go:252.16,254.3 1 0
github.com/conrad3rd/bookings/internal/handlers/handlers.go:255.2,264.16 3 0
github.com/conrad3rd/bookings/internal/handlers/handlers.go:264.16,268.3 2 0
github.com/conrad3rd/bookings/internal/handlers/handlers.go:270.2,271.14 2 0
github.com/conrad3rd/bookings/internal/handlers/handlers.go:275.70,277.2 1 1
github.com/conrad3rd/bookings/internal/handlers/handlers.go:280.81,282.9 2 0
github.com/conrad3rd/bookings/internal/handlers/handlers.go:282.9,288.3 4 0
github.com/conrad3rd/bookings/internal/handlers/handlers.go:290.2,304.4 9 0
github.com/conrad3rd/bookings/internal/handlers/handlers.go:308.73,310.16 2 0
github.com/conrad3rd/bookings/internal/handlers/handlers.go:310.16,313.3 2 0
github.com/conrad3rd/bookings/internal/handlers/handlers.go:315.2,316.9 2 0
github.com/conrad3rd/bookings/internal/handlers/handlers.go:316.9,319.3 2 0
github.com/conrad3rd/bookings/internal/handlers/handlers.go:321.2,325.63 3 0
github.com/conrad3rd/bookings/internal/handlers/handlers.go:329.71,336.16 6 0
github.com/conrad3rd/bookings/internal/handlers/handlers.go:336.16,338.3 1 0
github.com/conrad3rd/bookings/internal/handlers/handlers.go:339.2,340.16 2 0
github.com/conrad3rd/bookings/internal/handlers/handlers.go:340.16,342.3 1 0
github.com/conrad3rd/bookings/internal/handlers/handlers.go:344.2,347.16 3 0
github.com/conrad3rd/bookings/internal/handlers/handlers.go:347.16,349.3 1 0
github.com/conrad3rd/bookings/internal/handlers/handlers.go:351.2,358.63 6 0
