mode: set
github.com/conrad3rd/bookings/internal/handlers/handlers.go:32.62,37.2 1 0
github.com/conrad3rd/bookings/internal/handlers/handlers.go:40.51,45.2 1 1
github.com/conrad3rd/bookings/internal/handlers/handlers.go:48.33,50.2 1 1
github.com/conrad3rd/bookings/internal/handlers/handlers.go:53.67,55.2 1 0
github.com/conrad3rd/bookings/internal/handlers/handlers.go:58.68,61.2 1 0
github.com/conrad3rd/bookings/internal/handlers/handlers.go:64.74,66.9 2 1
github.com/conrad3rd/bookings/internal/handlers/handlers.go:66.9,71.3 3 1
github.com/conrad3rd/bookings/internal/handlers/handlers.go:73.2,74.16 2 1
github.com/conrad3rd/bookings/internal/handlers/handlers.go:74.16,78.3 3 0
github.com/conrad3rd/bookings/internal/handlers/handlers.go:80.2,98.4 10 1
github.com/conrad3rd/bookings/internal/handlers/handlers.go:102.78,104.9 2 0
github.com/conrad3rd/bookings/internal/handlers/handlers.go:104.9,107.3 2 0
github.com/conrad3rd/bookings/internal/handlers/handlers.go:109.2,110.16 2 0
github.com/conrad3rd/bookings/internal/handlers/handlers.go:110.16,114.3 2 0
github.com/conrad3rd/bookings/internal/handlers/handlers.go:116.2,127.19 9 0
github.com/conrad3rd/bookings/internal/handlers/handlers.go:127.19,137.3 4 0
github.com/conrad3rd/bookings/internal/handlers/handlers.go:139.2,140.16 2 0
github.com/conrad3rd/bookings/internal/handlers/handlers.go:140.16,143.3 2 0
github.com/conrad3rd/bookings/internal/handlers/handlers.go:145.2,154.16 3 0
github.com/conrad3rd/bookings/internal/handlers/handlers.go:154.16,157.3 2 0
github.com/conrad3rd/bookings/internal/handlers/handlers.go:159.2,161.66 2 0
github.com/conrad3rd/bookings/internal/handlers/handlers.go:165.71,167.2 1 0
github.com/conrad3rd/bookings/internal/handlers/handlers.go:170.69,172.2 1 0
github.com/conrad3rd/bookings/internal/handlers/handlers.go:175.75,177.2 1 0
github.com/conrad3rd/bookings/internal/handlers/handlers.go:180.79,186.16 5 0
github.com/conrad3rd/bookings/internal/handlers/handlers.go:186.16,189.3 2 0
github.com/conrad3rd/bookings/internal/handlers/handlers.go:190.2,191.16 2 0
github.com/conrad3rd/bookings/internal/handlers/handlers.go:191.16,194.3 2 0
github.com/conrad3rd/bookings/internal/handlers/handlers.go:196.2,197.16 2 0
github.com/conrad3rd/bookings/internal/handlers/handlers.go:197.16,200.3 2 0
github.com/conrad3rd/bookings/internal/handlers/handlers.go:202.2,202.21 1 0
github.com/conrad3rd/bookings/internal/handlers/handlers.go:202.21,207.3 3 0
github.com/conrad3rd/bookings/internal/handlers/handlers.go:209.2,220.4 5 0
github.com/conrad3rd/bookings/internal/handlers/handlers.go:232.79,238.16 5 0
github.com/conrad3rd/bookings/internal/handlers/handlers.go:238.16,240.3 1 0
github.com/conrad3rd/bookings/internal/handlers/handlers.go:241.2,242.16 2 0
github.com/conrad3rd/bookings/internal/handlers/handlers.go:242.16,244.3 1 0
github.com/conrad3rd/bookings/internal/handlers/handlers.go:246.2,248.16 2 0
github.com/conrad3rd/bookings/internal/handlers/handlers.go:248.16,250.3 1 0
github.com/conrad3rd/bookings/internal/handlers/handlers.go:252.2,253.16 2 0
github.com/conrad3rd/bookings/internal/handlers/handlers.go:253.16,255.3 1 0
github.com/conrad3rd/bookings/internal/handlers/handlers.go:256.2,265.16 3 0
github.com/conrad3rd/bookings/internal/handlers/handlers.go:265.16,269.3 2 0
github.com/conrad3rd/bookings/internal/handlers/handlers.go:271.2,272.14 2 0
github.com/conrad3rd/bookings/internal/handlers/handlers.go:276.70,278.2 1 0
github.com/conrad3rd/bookings/internal/handlers/handlers.go:281.81,283.9 2 0
github.com/conrad3rd/bookings/internal/handlers/handlers.go:283.9,289.3 4 0
github.com/conrad3rd/bookings/internal/handlers/handlers.go:291.2,305.4 9 0
github.com/conrad3rd/bookings/internal/handlers/handlers.go:309.73,311.16 2 0
github.com/conrad3rd/bookings/internal/handlers/handlers.go:311.16,314.3 2 0
github.com/conrad3rd/bookings/internal/handlers/handlers.go:316.2,317.9 2 0
github.com/conrad3rd/bookings/internal/handlers/handlers.go:317.9,320.3 2 0
github.com/conrad3rd/bookings/internal/handlers/handlers.go:322.2,326.63 3 0
github.com/conrad3rd/bookings/internal/handlers/handlers.go:330.71,337.16 6 0
github.com/conrad3rd/bookings/internal/handlers/handlers.go:337.16,339.3 1 0
github.com/conrad3rd/bookings/internal/handlers/handlers.go:340.2,341.16 2 0
github.com/conrad3rd/bookings/internal/handlers/handlers.go:341.16,343.3 1 0
github.com/conrad3rd/bookings/internal/handlers/handlers.go:345.2,348.16 3 0
github.com/conrad3rd/bookings/internal/handlers/handlers.go:348.16,350.3 1 0
github.com/conrad3rd/bookings/internal/handlers/handlers.go:352.2,359.63 6 0
